<?xml version="1.0" encoding="UTF-8"?>
<testng-results ignored="0" total="2" passed="2" failed="0" skipped="0">
  <reporter-output>
  </reporter-output>
  <suite started-at="2021-02-10T15:18:26 IST" name="Default suite" finished-at="2021-02-10T15:18:43 IST" duration-ms="16331">
    <groups>
    </groups>
    <test started-at="2021-02-10T15:18:26 IST" name="Default test" finished-at="2021-02-10T15:18:43 IST" duration-ms="16331">
      <class name="com.testng.GoogleTitleTest">
        <test-method is-config="true" signature="setUp()[pri:0, instance:com.testng.GoogleTitleTest@74751b3]" started-at="2021-02-10T15:18:26 IST" name="setUp" finished-at="2021-02-10T15:18:33 IST" duration-ms="6964" status="PASS">
          <reporter-output>
          </reporter-output>
        </test-method> <!-- setUp -->
        <test-method signature="googleLogoTest()[pri:0, instance:com.testng.GoogleTitleTest@74751b3]" started-at="2021-02-10T15:18:33 IST" name="googleLogoTest" finished-at="2021-02-10T15:18:33 IST" duration-ms="98" status="PASS">
          <reporter-output>
          </reporter-output>
        </test-method> <!-- googleLogoTest -->
        <test-method is-config="true" signature="tearDown()[pri:0, instance:com.testng.GoogleTitleTest@74751b3]" started-at="2021-02-10T15:18:33 IST" name="tearDown" finished-at="2021-02-10T15:18:34 IST" duration-ms="890" status="PASS">
          <reporter-output>
          </reporter-output>
        </test-method> <!-- tearDown -->
        <test-method is-config="true" signature="setUp()[pri:0, instance:com.testng.GoogleTitleTest@74751b3]" started-at="2021-02-10T15:18:34 IST" name="setUp" finished-at="2021-02-10T15:18:42 IST" duration-ms="7575" status="PASS">
          <reporter-output>
          </reporter-output>
        </test-method> <!-- setUp -->
        <test-method signature="googleTitleTest()[pri:0, instance:com.testng.GoogleTitleTest@74751b3]" started-at="2021-02-10T15:18:42 IST" name="googleTitleTest" finished-at="2021-02-10T15:18:42 IST" duration-ms="9" status="PASS">
          <reporter-output>
          </reporter-output>
        </test-method> <!-- googleTitleTest -->
        <test-method is-config="true" signature="tearDown()[pri:0, instance:com.testng.GoogleTitleTest@74751b3]" started-at="2021-02-10T15:18:42 IST" name="tearDown" finished-at="2021-02-10T15:18:43 IST" duration-ms="747" status="PASS">
          <reporter-output>
          </reporter-output>
        </test-method> <!-- tearDown -->
      </class> <!-- com.testng.GoogleTitleTest -->
    </test> <!-- Default test -->
  </suite> <!-- Default suite -->
</testng-results>
