<?xml version="1.0" encoding="UTF-8"?>
<testng-results ignored="0" total="3" passed="3" failed="0" skipped="0">
  <reporter-output>
  </reporter-output>
  <suite started-at="2021-02-09T19:57:27 IST" name="Default suite" finished-at="2021-02-09T19:58:18 IST" duration-ms="50819">
    <groups>
    </groups>
    <test started-at="2021-02-09T19:57:27 IST" name="Default test" finished-at="2021-02-09T19:58:18 IST" duration-ms="50819">
      <class name="com.testng.GoogleTest">
        <test-method is-config="true" signature="setUp()[pri:0, instance:com.testng.GoogleTest@741a8937]" started-at="2021-02-09T19:57:27 IST" name="setUp" finished-at="2021-02-09T19:57:58 IST" duration-ms="30750" status="PASS">
          <reporter-output>
          </reporter-output>
        </test-method> <!-- setUp -->
        <test-method signature="googleTitleTest()[pri:1, instance:com.testng.GoogleTest@741a8937]" started-at="2021-02-09T19:57:58 IST" name="googleTitleTest" finished-at="2021-02-09T19:57:58 IST" duration-ms="14" status="PASS">
          <reporter-output>
          </reporter-output>
        </test-method> <!-- googleTitleTest -->
        <test-method is-config="true" signature="tearDown()[pri:0, instance:com.testng.GoogleTest@741a8937]" started-at="2021-02-09T19:57:58 IST" name="tearDown" finished-at="2021-02-09T19:57:59 IST" duration-ms="762" status="PASS">
          <reporter-output>
          </reporter-output>
        </test-method> <!-- tearDown -->
        <test-method is-config="true" signature="setUp()[pri:0, instance:com.testng.GoogleTest@741a8937]" started-at="2021-02-09T19:57:59 IST" name="setUp" finished-at="2021-02-09T19:58:08 IST" duration-ms="9006" status="PASS">
          <reporter-output>
          </reporter-output>
        </test-method> <!-- setUp -->
        <test-method signature="googleLogoTest()[pri:2, instance:com.testng.GoogleTest@741a8937]" started-at="2021-02-09T19:58:08 IST" name="googleLogoTest" finished-at="2021-02-09T19:58:08 IST" duration-ms="69" status="PASS">
          <reporter-output>
          </reporter-output>
        </test-method> <!-- googleLogoTest -->
        <test-method is-config="true" signature="tearDown()[pri:0, instance:com.testng.GoogleTest@741a8937]" started-at="2021-02-09T19:58:08 IST" name="tearDown" finished-at="2021-02-09T19:58:09 IST" duration-ms="723" status="PASS">
          <reporter-output>
          </reporter-output>
        </test-method> <!-- tearDown -->
        <test-method is-config="true" signature="setUp()[pri:0, instance:com.testng.GoogleTest@741a8937]" started-at="2021-02-09T19:58:09 IST" name="setUp" finished-at="2021-02-09T19:58:17 IST" duration-ms="8271" status="PASS">
          <reporter-output>
          </reporter-output>
        </test-method> <!-- setUp -->
        <test-method signature="mailLinkTest()[pri:3, instance:com.testng.GoogleTest@741a8937]" started-at="2021-02-09T19:58:17 IST" name="mailLinkTest" finished-at="2021-02-09T19:58:17 IST" duration-ms="128" status="PASS">
          <reporter-output>
          </reporter-output>
        </test-method> <!-- mailLinkTest -->
        <test-method is-config="true" signature="tearDown()[pri:0, instance:com.testng.GoogleTest@741a8937]" started-at="2021-02-09T19:58:17 IST" name="tearDown" finished-at="2021-02-09T19:58:18 IST" duration-ms="1063" status="PASS">
          <reporter-output>
          </reporter-output>
        </test-method> <!-- tearDown -->
      </class> <!-- com.testng.GoogleTest -->
    </test> <!-- Default test -->
  </suite> <!-- Default suite -->
</testng-results>
