<?xml version="1.0" encoding="UTF-8"?>
<!-- Generated by org.testng.reporters.JUnitXMLReporter -->
<testsuite ignored="0" hostname="CDC2-L-01348KL" failures="0" tests="23" name="Different testng Feature Test" time="67.023" errors="0" timestamp="2021-02-10T13:08:26 IST">
  <testcase classname="com.testng.ExceptionTimeoutTest" name="test1" time="0.019"/>
  <testcase classname="com.testng.GoogleTest" name="googleTitleTest" time="0.017"/>
  <testcase classname="com.testng.GoogleTest" name="mailLinkTest" time="0.131"/>
  <testcase classname="com.testng.GoogleTest" name="googleSigninTest" time="0.116"/>
  <testcase classname="com.testng.GoogleTest" name="googleLogoTest" time="0.077"/>
  <testcase classname="com.testng.GoogleTest" name="test1" time="0.002"/>
  <testcase classname="com.testng.GoogleTest" name="test2" time="0.003"/>
  <testcase classname="com.testng.GoogleTitleTest" name="googleLogoTest" time="0.082"/>
  <testcase classname="com.testng.GoogleTitleTest" name="googleTitleTest" time="0.017"/>
  <testcase classname="com.testng.InvocationCountTest" name="sum" time="0.001"/>
  <testcase classname="com.testng.InvocationCountTest" name="sum" time="0.001"/>
  <testcase classname="com.testng.InvocationCountTest" name="sum" time="0.002"/>
  <testcase classname="com.testng.InvocationCountTest" name="sum" time="0.002"/>
  <testcase classname="com.testng.InvocationCountTest" name="sum" time="0.001"/>
  <testcase classname="com.testng.InvocationCountTest" name="sum" time="0.001"/>
  <testcase classname="com.testng.InvocationCountTest" name="sum" time="0.001"/>
  <testcase classname="com.testng.InvocationCountTest" name="sum" time="0.001"/>
  <testcase classname="com.testng.InvocationCountTest" name="sum" time="0.001"/>
  <testcase classname="com.testng.InvocationCountTest" name="sum" time="0.002"/>
  <testcase classname="com.testng.TestNGBasics" name="googleTitleTest" time="0.002"/>
  <testcase classname="com.testng.TestNGFeatures" name="loginTest" time="0.002"/>
  <testcase classname="com.testng.TestNGFeatures" name="homePageTest" time="0.002"/>
  <testcase classname="com.testng.TestNGFeatures" name="regPageTest" time="0.002"/>
</testsuite> <!-- Different testng Feature Test -->
