<?xml version="1.0" encoding="UTF-8"?>
<!-- Generated by org.testng.reporters.JUnitXMLReporter -->
<testsuite ignored="0" hostname="CDC2-L-01348KL" failures="0" tests="3" name="Default test" time="50.819" errors="0" timestamp="2021-02-09T19:58:18 IST">
  <testcase classname="com.testng.GoogleTest" name="googleTitleTest" time="0.014"/>
  <testcase classname="com.testng.GoogleTest" name="googleLogoTest" time="0.069"/>
  <testcase classname="com.testng.GoogleTest" name="mailLinkTest" time="0.128"/>
</testsuite> <!-- Default test -->
